        -:    0:Source:/users/guest/e/ejh612/tmp/tmp.60y5MWDIxy/AddAutomaton.cpp
        -:    0:Graph:/users/guest/e/ejh612/tmp/tmp.60y5MWDIxy/cmake-build-debug-coverage/CMakeFiles/project4.dir/AddAutomaton.cpp.gcno
        -:    0:Data:/users/guest/e/ejh612/tmp/tmp.60y5MWDIxy/cmake-build-debug-coverage/CMakeFiles/project4.dir/AddAutomaton.cpp.gcda
        -:    0:Runs:1
        -:    1://
        -:    2:// Created by ejh61 on 2021-09-15.
        -:    3://
        -:    4:
        -:    5:#include "AddAutomaton.h"
        -:    6:
function _ZN12AddAutomaton2S0ERKNSt7__cxx1112basic_stringIcSt11char_traitsIcESaIcEEE called 134 returned 100% blocks executed 80%
      134:    7:void AddAutomaton::S0(const std::string &input) {
      134:    8:    if (input[index] == '+') {
      134:    8-block  0
call    0 returned 134
branch  1 taken 0 (fallthrough)
branch  2 taken 134
    #####:    9:        inputRead = 1;
    %%%%%:    9-block  0
        -:   10:    }
        -:   11:    else {
      134:   12:        Serr();
      134:   12-block  0
call    0 returned 134
        -:   13:    }
      134:   14:}
