        -:    0:Source:/users/guest/e/ejh612/tmp/tmp.60y5MWDIxy/ColonDashAutomaton.h
        -:    0:Graph:/users/guest/e/ejh612/tmp/tmp.60y5MWDIxy/cmake-build-debug-coverage/CMakeFiles/project4.dir/ColonDashAutomaton.cpp.gcno
        -:    0:Data:/users/guest/e/ejh612/tmp/tmp.60y5MWDIxy/cmake-build-debug-coverage/CMakeFiles/project4.dir/ColonDashAutomaton.cpp.gcda
        -:    0:Runs:1
        -:    1:#ifndef COLONDASHAUTOMATON_H
        -:    2:#define COLONDASHAUTOMATON_H
        -:    3:
        -:    4:#include "Automaton.h"
        -:    5:
        -:    6:class ColonDashAutomaton : public Automaton
        -:    7:{
        -:    8:private:
        -:    9:    void S1(const std::string& input);
        -:   10:
        -:   11:public:
        -:   12:    ColonDashAutomaton() : Automaton(TokenType::COLON_DASH) {}  // Call the base constructor
        2:   13:    ~ ColonDashAutomaton() {}
------------------
_ZN18ColonDashAutomatonD0Ev:
function _ZN18ColonDashAutomatonD0Ev called 1 returned 100% blocks executed 100%
        1:   13:    ~ ColonDashAutomaton() {}
        1:   13-block  0
call    0 returned 1
call    1 returned 1
------------------
_ZN18ColonDashAutomatonD2Ev:
function _ZN18ColonDashAutomatonD2Ev called 1 returned 100% blocks executed 100%
        1:   13:    ~ ColonDashAutomaton() {}
        1:   13-block  0
call    0 returned 1
------------------
        -:   14:    void S0(const std::string& input);
        -:   15:
        -:   16:
        -:   17:};
        -:   18:
        -:   19:#endif // COLONDASHAUTOMATON_H
        -:   20:
