        -:    0:Source:/users/guest/e/ejh612/tmp/tmp.60y5MWDIxy/CommentAutomaton.h
        -:    0:Graph:/users/guest/e/ejh612/tmp/tmp.60y5MWDIxy/cmake-build-debug-coverage/CMakeFiles/project4.dir/CommentAutomaton.cpp.gcno
        -:    0:Data:/users/guest/e/ejh612/tmp/tmp.60y5MWDIxy/cmake-build-debug-coverage/CMakeFiles/project4.dir/CommentAutomaton.cpp.gcda
        -:    0:Runs:1
        -:    1://
        -:    2:// Created by ejh61 on 2021-09-15.
        -:    3://
        -:    4:
        -:    5:#ifndef PROJECT1_STARTER_CODE_COMMENTAUTOMATON_H
        -:    6:#define PROJECT1_STARTER_CODE_COMMENTAUTOMATON_H
        -:    7:
        -:    8:#include "Automaton.h"
        -:    9:
        -:   10:class CommentAutomaton : public Automaton {
        -:   11:private:
        -:   12:    void S1(const std::string& input);
        -:   13:    void S2(const std::string& input);
        -:   14:    void S3(const std::string& input);
        -:   15:
        -:   16:public:
        -:   17:    CommentAutomaton() : Automaton(TokenType::COMMENT) {}
        2:   18:    ~CommentAutomaton() {}
------------------
_ZN16CommentAutomatonD0Ev:
function _ZN16CommentAutomatonD0Ev called 1 returned 100% blocks executed 100%
        1:   18:    ~CommentAutomaton() {}
        1:   18-block  0
call    0 returned 1
call    1 returned 1
------------------
_ZN16CommentAutomatonD2Ev:
function _ZN16CommentAutomatonD2Ev called 1 returned 100% blocks executed 100%
        1:   18:    ~CommentAutomaton() {}
        1:   18-block  0
call    0 returned 1
------------------
        -:   19:    void S0(const std::string& input);
        -:   20:};
        -:   21:
        -:   22:
        -:   23:#endif //PROJECT1_STARTER_CODE_COMMENTAUTOMATON_H
