        -:    0:Source:/users/guest/e/ejh612/tmp/tmp.60y5MWDIxy/CommaAutomaton.cpp
        -:    0:Graph:/users/guest/e/ejh612/tmp/tmp.60y5MWDIxy/cmake-build-debug-coverage/CMakeFiles/project4.dir/CommaAutomaton.cpp.gcno
        -:    0:Data:/users/guest/e/ejh612/tmp/tmp.60y5MWDIxy/cmake-build-debug-coverage/CMakeFiles/project4.dir/CommaAutomaton.cpp.gcda
        -:    0:Runs:1
        -:    1://
        -:    2:// Created by ejh61 on 2021-09-15.
        -:    3://
        -:    4:
        -:    5:#include "CommaAutomaton.h"
        -:    6:
function _ZN14CommaAutomaton2S0ERKNSt7__cxx1112basic_stringIcSt11char_traitsIcESaIcEEE called 134 returned 100% blocks executed 100%
      134:    7:void CommaAutomaton::S0(const std::string &input) {
      134:    8:    if (input[index] == ','){
      134:    8-block  0
call    0 returned 134
branch  1 taken 24 (fallthrough)
branch  2 taken 110
       24:    9:        inputRead = 1;
       24:    9-block  0
        -:   10:    }
        -:   11:    else {
      110:   12:        Serr();
      110:   12-block  0
call    0 returned 110
        -:   13:    }
      134:   14:}
