        -:    0:Source:/users/guest/e/ejh612/tmp/tmp.60y5MWDIxy/EOFAutomaton.cpp
        -:    0:Graph:/users/guest/e/ejh612/tmp/tmp.60y5MWDIxy/cmake-build-debug-coverage/CMakeFiles/project4.dir/EOFAutomaton.cpp.gcno
        -:    0:Data:/users/guest/e/ejh612/tmp/tmp.60y5MWDIxy/cmake-build-debug-coverage/CMakeFiles/project4.dir/EOFAutomaton.cpp.gcda
        -:    0:Runs:1
        -:    1://
        -:    2:// Created by ejh61 on 2021-09-16.
        -:    3://
        -:    4:
        -:    5:#include "EOFAutomaton.h"
        -:    6:
function _ZN12EOFAutomaton2S0ERKNSt7__cxx1112basic_stringIcSt11char_traitsIcESaIcEEE called 0 returned 0% blocks executed 0%
    #####:    7:void EOFAutomaton::S0(const std::string &input) {}
