        -:    0:Source:/users/guest/e/ejh612/tmp/tmp.60y5MWDIxy/EOFAutomaton.h
        -:    0:Graph:/users/guest/e/ejh612/tmp/tmp.60y5MWDIxy/cmake-build-debug-coverage/CMakeFiles/project4.dir/EOFAutomaton.cpp.gcno
        -:    0:Data:/users/guest/e/ejh612/tmp/tmp.60y5MWDIxy/cmake-build-debug-coverage/CMakeFiles/project4.dir/EOFAutomaton.cpp.gcda
        -:    0:Runs:1
        -:    1://
        -:    2:// Created by ejh61 on 2021-09-16.
        -:    3://
        -:    4:
        -:    5:#ifndef PROJECT1_STARTER_CODE_EOFAUTOMATON_H
        -:    6:#define PROJECT1_STARTER_CODE_EOFAUTOMATON_H
        -:    7:#include "Automaton.h"
        -:    8:
        -:    9:class EOFAutomaton : public Automaton {
        -:   10:public:
        -:   11:    EOFAutomaton() : Automaton(TokenType::_EOF){}
        2:   12:    ~EOFAutomaton() {}
------------------
_ZN12EOFAutomatonD0Ev:
function _ZN12EOFAutomatonD0Ev called 1 returned 100% blocks executed 100%
        1:   12:    ~EOFAutomaton() {}
        1:   12-block  0
call    0 returned 1
call    1 returned 1
------------------
_ZN12EOFAutomatonD2Ev:
function _ZN12EOFAutomatonD2Ev called 1 returned 100% blocks executed 100%
        1:   12:    ~EOFAutomaton() {}
        1:   12-block  0
call    0 returned 1
------------------
        -:   13:    void S0(const std::string& input);
        -:   14:
        -:   15:};
        -:   16:
        -:   17:
        -:   18:#endif //PROJECT1_STARTER_CODE_EOFAUTOMATON_H
