        -:    0:Source:/users/guest/e/ejh612/tmp/tmp.60y5MWDIxy/LeftParenAutomaton.h
        -:    0:Graph:/users/guest/e/ejh612/tmp/tmp.60y5MWDIxy/cmake-build-debug-coverage/CMakeFiles/project4.dir/LeftParenAutomaton.cpp.gcno
        -:    0:Data:/users/guest/e/ejh612/tmp/tmp.60y5MWDIxy/cmake-build-debug-coverage/CMakeFiles/project4.dir/LeftParenAutomaton.cpp.gcda
        -:    0:Runs:1
        -:    1://
        -:    2:// Created by ejh61 on 2021-09-15.
        -:    3://
        -:    4:
        -:    5:#ifndef PROJECT1_STARTER_CODE_LEFTPARENAUTOMATON_H
        -:    6:#define PROJECT1_STARTER_CODE_LEFTPARENAUTOMATON_H
        -:    7:#include "Automaton.h"
        -:    8:
        -:    9:class LeftParenAutomaton: public Automaton {
        -:   10:
        -:   11:public:
        -:   12:    LeftParenAutomaton() : Automaton(TokenType::LEFT_PAREN) {}
        2:   13:   ~ LeftParenAutomaton() {}
------------------
_ZN18LeftParenAutomatonD0Ev:
function _ZN18LeftParenAutomatonD0Ev called 1 returned 100% blocks executed 100%
        1:   13:   ~ LeftParenAutomaton() {}
        1:   13-block  0
call    0 returned 1
call    1 returned 1
------------------
_ZN18LeftParenAutomatonD2Ev:
function _ZN18LeftParenAutomatonD2Ev called 1 returned 100% blocks executed 100%
        1:   13:   ~ LeftParenAutomaton() {}
        1:   13-block  0
call    0 returned 1
------------------
        -:   14:    void S0(const std::string& input);
        -:   15:};
        -:   16:
        -:   17:
        -:   18:#endif //PROJECT1_STARTER_CODE_LEFTPARENAUTOMATON_H
