        -:    0:Source:/users/guest/e/ejh612/tmp/tmp.60y5MWDIxy/FactsAutomaton.h
        -:    0:Graph:/users/guest/e/ejh612/tmp/tmp.60y5MWDIxy/cmake-build-debug-coverage/CMakeFiles/project4.dir/Lexer.cpp.gcno
        -:    0:Data:/users/guest/e/ejh612/tmp/tmp.60y5MWDIxy/cmake-build-debug-coverage/CMakeFiles/project4.dir/Lexer.cpp.gcda
        -:    0:Runs:1
        -:    1://
        -:    2:// Created by ejh61 on 2021-09-15.
        -:    3://
        -:    4:
        -:    5:#ifndef PROJECT1_STARTER_CODE_FACTSAUTOMATON_H
        -:    6:#define PROJECT1_STARTER_CODE_FACTSAUTOMATON_H
        -:    7:
        -:    8:#include "Automaton.h"
        -:    9:
        -:   10:class FactsAutomaton : public Automaton {
        -:   11:
        -:   12:private:
        -:   13:    void S1(const std::string& input);
        -:   14:    void S2(const std::string& input);
        -:   15:    void S3(const std::string& input);
        -:   16:    void S4(const std::string& input);
        -:   17:
        -:   18:public:
function _ZN14FactsAutomatonC2Ev called 1 returned 100% blocks executed 100%
        1:   19:    FactsAutomaton() : Automaton(TokenType::FACTS){}
        1:   19-block  0
call    0 returned 1
        -:   20:   ~ FactsAutomaton() {}
        -:   21:    void S0 (const std::string& input);
        -:   22:};
        -:   23:
        -:   24:
        -:   25:#endif //PROJECT1_STARTER_CODE_FACTSAUTOMATON_H
