        -:    0:Source:/users/guest/e/ejh612/tmp/tmp.60y5MWDIxy/RightParenAutomaton.h
        -:    0:Graph:/users/guest/e/ejh612/tmp/tmp.60y5MWDIxy/cmake-build-debug-coverage/CMakeFiles/project4.dir/Lexer.cpp.gcno
        -:    0:Data:/users/guest/e/ejh612/tmp/tmp.60y5MWDIxy/cmake-build-debug-coverage/CMakeFiles/project4.dir/Lexer.cpp.gcda
        -:    0:Runs:1
        -:    1://
        -:    2:// Created by ejh61 on 2021-09-15.
        -:    3://
        -:    4:
        -:    5:#ifndef PROJECT1_STARTER_CODE_RIGHTPARENAUTOMATON_H
        -:    6:#define PROJECT1_STARTER_CODE_RIGHTPARENAUTOMATON_H
        -:    7:#include "Automaton.h"
        -:    8:
        -:    9:class RightParenAutomaton : public Automaton{
        -:   10:public:
function _ZN19RightParenAutomatonC2Ev called 1 returned 100% blocks executed 100%
        1:   11:    RightParenAutomaton() : Automaton(TokenType::RIGHT_PAREN) {}  // Call the base constructor
        1:   11-block  0
call    0 returned 1
        -:   12:   ~ RightParenAutomaton() {}
        -:   13:    void S0(const std::string& input);
        -:   14:};
        -:   15:
        -:   16:
        -:   17:#endif //PROJECT1_STARTER_CODE_RIGHTPARENAUTOMATON_H
