        -:    0:Source:/users/guest/e/ejh612/tmp/tmp.60y5MWDIxy/Tuple.cpp
        -:    0:Graph:/users/guest/e/ejh612/tmp/tmp.60y5MWDIxy/cmake-build-debug-coverage/CMakeFiles/project4.dir/Tuple.cpp.gcno
        -:    0:Data:/users/guest/e/ejh612/tmp/tmp.60y5MWDIxy/cmake-build-debug-coverage/CMakeFiles/project4.dir/Tuple.cpp.gcda
        -:    0:Runs:1
        -:    1://
        -:    2:// Created by ejh61 on 2021-10-26.
        -:    3://
        -:    4:
        -:    5:#include "Tuple.h"
        -:    6:
        -:    7:
function _ZN5Tuple8SetTupleENSt7__cxx1112basic_stringIcSt11char_traitsIcESaIcEEE called 0 returned 0% blocks executed 0%
    #####:    8:void Tuple::SetTuple(std::string value) {
        -:    9:
    #####:   10:    values.push_back(value);
    %%%%%:   10-block  0
call    0 never executed
        -:   11:
    #####:   12:}
        -:   13:
function _ZN5Tuple8getTupleB5cxx11Ev called 0 returned 0% blocks executed 0%
    #####:   14:std::vector<std::string> & Tuple::getTuple (){
    #####:   15:    return values;
    %%%%%:   15-block  0
        -:   16:}
        -:   17:
function _ZN5Tuple8toStringB5cxx11Ev called 0 returned 0% blocks executed 0%
    #####:   18:std::string Tuple::toString () {
    #####:   19:    std::ostringstream oss;
    %%%%%:   19-block  0
call    0 never executed
branch  1 never executed
branch  2 never executed
    %%%%%:   19-block  1
call    3 never executed
    $$$$$:   19-block  2
call    4 never executed
        -:   20:
    #####:   21:    for (unsigned int i = 0; i < values.size(); i++)  {
    %%%%%:   21-block  0
    %%%%%:   21-block  1
call    0 never executed
branch  1 never executed
branch  2 never executed
    %%%%%:   21-block  2
        -:   22:
    #####:   23:        oss << values.at(i) << " ";
    %%%%%:   23-block  0
call    0 never executed
branch  1 never executed
branch  2 never executed
    %%%%%:   23-block  1
call    3 never executed
branch  4 never executed
branch  5 never executed
    %%%%%:   23-block  2
call    6 never executed
branch  7 never executed
branch  8 never executed
        -:   24:
        -:   25:    } // how should I implement this.
        -:   26:
    #####:   27:    return oss.str();
    %%%%%:   27-block  0
call    0 never executed
branch  1 never executed
branch  2 never executed
    %%%%%:   27-block  1
        -:   28:}
